<?xml version="1.0" encoding="UTF-8"?>
<!-- Generated by org.testng.reporters.JUnitReportReporter -->
<testsuite hostname="LAPTOP-M1R1IP0R" failures="0" tests="2" name="tek.api.sqa.tests.TokenVerifyTest" time="1.309" errors="0" timestamp="2023-06-03T11:03:57 EDT" skipped="0">
  <testcase classname="tek.api.sqa.tests.TokenVerifyTest" name="tokenVerifyTest" time="0.940"/>
  <system-out/>
  <testcase classname="tek.api.sqa.tests.TokenVerifyTest" name="verifyTestWithInvalidToken" time="0.369"/>
  <system-out/>
</testsuite> <!-- tek.api.sqa.tests.TokenVerifyTest -->
