<?xml version="1.0" encoding="UTF-8"?>
<!-- Generated by org.testng.reporters.JUnitReportReporter -->
<testsuite hostname="LAPTOP-M1R1IP0R" failures="0" tests="1" name="tek.api.sqa.tests.GetAllPlanCodeTest" time="1.291" errors="0" timestamp="2023-05-30T21:41:19 EDT" skipped="0">
  <testcase classname="tek.api.sqa.tests.GetAllPlanCodeTest" name="getAllPlanCode" time="1.291"/>
  <system-out/>
</testsuite> <!-- tek.api.sqa.tests.GetAllPlanCodeTest -->
