<?xml version="1.0" encoding="UTF-8"?>
<!-- Generated by org.testng.reporters.JUnitReportReporter -->
<testsuite hostname="LAPTOP-M1R1IP0R" failures="0" tests="1" name="tek.api.sqa.tests.CreateAccountWithDBVerification" time="3.775" errors="0" timestamp="2023-06-04T11:28:07 EDT" skipped="0">
  <testcase classname="tek.api.sqa.tests.CreateAccountWithDBVerification" name="createAccountTestDb" time="3.775"/>
  <system-out/>
</testsuite> <!-- tek.api.sqa.tests.CreateAccountWithDBVerification -->
