<?xml version="1.0" encoding="UTF-8"?>
<!-- Generated by org.testng.reporters.JUnitReportReporter -->
<testsuite hostname="LAPTOP-M1R1IP0R" failures="0" tests="1" name="tek.api.sqa.tests.GetAllAccountsTest" time="5.978" errors="0" timestamp="2023-06-03T11:03:57 EDT" skipped="0">
  <testcase classname="tek.api.sqa.tests.GetAllAccountsTest" name="getAllAccounts" time="5.978"/>
  <system-out/>
</testsuite> <!-- tek.api.sqa.tests.GetAllAccountsTest -->
