<?xml version="1.0" encoding="UTF-8"?>
<!-- Generated by org.testng.reporters.JUnitReportReporter -->
<testsuite hostname="LAPTOP-M1R1IP0R" failures="0" tests="2" name="tek.api.sqa.tests.SecurityTest" time="1.010" errors="0" timestamp="2023-05-30T21:41:19 EDT" skipped="0">
  <testcase classname="tek.api.sqa.tests.SecurityTest" name="testGeneratedTokenWithValidUsername" time="0.545"/>
  <system-out/>
  <testcase classname="tek.api.sqa.tests.SecurityTest" name="testGeneratedTokenWithInvalidUsername" time="0.465"/>
  <system-out/>
</testsuite> <!-- tek.api.sqa.tests.SecurityTest -->
