<?xml version="1.0" encoding="UTF-8"?>
<!-- Generated by org.testng.reporters.JUnitReportReporter -->
<testsuite hostname="LAPTOP-M1R1IP0R" failures="0" tests="1" name="tek.api.sqa.tests.GetAccountTest" time="3.358" errors="0" timestamp="2023-05-28T10:38:46 EDT" skipped="0">
  <testcase classname="tek.api.sqa.tests.GetAccountTest" name="getAccountWithAnID" time="3.358"/>
  <system-out/>
</testsuite> <!-- tek.api.sqa.tests.GetAccountTest -->
