<?xml version="1.0" encoding="UTF-8"?>
<!-- Generated by org.testng.reporters.JUnitReportReporter -->
<testsuite hostname="LAPTOP-M1R1IP0R" failures="0" tests="1" name="tek.api.sqa.tests.GetAccountWithDB" time="3.579" errors="0" timestamp="2023-06-03T16:47:36 EDT" skipped="0">
  <testcase classname="tek.api.sqa.tests.GetAccountWithDB" name="getAccountTestWithDBQuery" time="3.579"/>
  <system-out/>
</testsuite> <!-- tek.api.sqa.tests.GetAccountWithDB -->
